Running tests for API 'nagerdate'...
........
----------------------------------------------------------------------
Ran 8 tests in 3.574s

OK
Tests completed for API 'nagerdate'

==================================================

Running tests for API 'ukbankholidays'...
FFTests completed for API 'ukbankholidays'

==================================================

F.
======================================================================
FAIL: test_get_bank_holidays_default (__main__.TestUKBankHolidaysAPI.test_get_bank_holidays_default)
----------------------------------------------------------------------
Traceback (most recent call last):
  File "/home/trevea/Projects/ToolsForTheJobBenchmark/generation/Calendar/ukbankholidays/api_test.py", line 10, in test_get_bank_holidays_default
    self.assertIn('title', response)
AssertionError: 'title' not found in {'error': 'Division not found'}

======================================================================
FAIL: test_get_bank_holidays_england_and_wales (__main__.TestUKBankHolidaysAPI.test_get_bank_holidays_england_and_wales)
----------------------------------------------------------------------
Traceback (most recent call last):
  File "/home/trevea/Projects/ToolsForTheJobBenchmark/generation/Calendar/ukbankholidays/api_test.py", line 16, in test_get_bank_holidays_england_and_wales
    self.assertIn('title', response)
AssertionError: 'title' not found in {'error': 'Division not found'}

======================================================================
FAIL: test_get_bank_holidays_scotland (__main__.TestUKBankHolidaysAPI.test_get_bank_holidays_scotland)
----------------------------------------------------------------------
Traceback (most recent call last):
  File "/home/trevea/Projects/ToolsForTheJobBenchmark/generation/Calendar/ukbankholidays/api_test.py", line 22, in test_get_bank_holidays_scotland
    self.assertIn('title', response)
AssertionError: 'title' not found in {'error': 'Division not found'}

----------------------------------------------------------------------
Ran 4 tests in 5.472s

FAILED (failures=3)
